2026-03-15 17:30:53 - trainer - INFO - device=cpu
2026-03-15 17:30:53 - trainer - INFO - epochs=5 batch_size=128 lr=0.001 hidden_dim=256
2026-03-15 17:37:43 - trainer - INFO - device=cpu
2026-03-15 17:37:43 - trainer - INFO - epochs=5 batch_size=128 lr=0.001 hidden_dim=256
2026-03-15 17:38:52 - trainer - INFO - device=cpu
2026-03-15 17:38:52 - trainer - INFO - epochs=5 batch_size=128 lr=0.001 hidden_dim=256
2026-03-15 17:43:01 - trainer - INFO - device=cpu
2026-03-15 17:43:01 - trainer - INFO - epochs=5 batch_size=128 lr=0.001 hidden_dim=256
2026-03-15 17:43:01 - trainer - INFO - starting training...
2026-03-15 17:43:09 - trainer - INFO - Step 100 | train_loss=0.5639 | train_acc=0.8276
2026-03-15 17:43:11 - trainer - INFO - Step 200 | train_loss=0.4065 | train_acc=0.8764
2026-03-15 17:43:13 - trainer - INFO - Step 300 | train_loss=0.3354 | train_acc=0.8982
2026-03-15 17:43:15 - trainer - INFO - Step 400 | train_loss=0.2928 | train_acc=0.9110
2026-03-15 17:43:24 - trainer - INFO - Epoch 1 | train_loss = 0.2706 train_acc0.9179 | val_loss = 0.1089 val_acc = 0.9680
2026-03-15 17:50:41 - trainer - INFO - device=cpu
2026-03-15 17:50:41 - trainer - INFO - epochs=5 batch_size=128 lr=0.001 hidden_dim=256
2026-03-15 17:50:42 - trainer - INFO - starting training...
2026-03-15 17:50:50 - trainer - INFO - Step 100 | train_loss=0.5738 | train_acc=0.8276
2026-03-15 17:50:52 - trainer - INFO - Step 200 | train_loss=0.4092 | train_acc=0.8763
2026-03-15 17:50:54 - trainer - INFO - Step 300 | train_loss=0.3371 | train_acc=0.8988
2026-03-15 17:50:55 - trainer - INFO - Step 400 | train_loss=0.2954 | train_acc=0.9114
2026-03-15 17:51:05 - trainer - INFO - Epoch 1 | train_loss = 0.2751 train_acc0.9169 | val_loss = 0.1244 val_acc = 0.9599
2026-03-15 17:51:05 - trainer - INFO - New best val acc: 0.9599 | Saved checkpoint -> best_model.pt
2026-03-15 17:51:12 - trainer - INFO - Step 100 | train_loss=0.1283 | train_acc=0.9616
2026-03-15 17:51:14 - trainer - INFO - Step 200 | train_loss=0.1221 | train_acc=0.9621
2026-03-15 17:51:16 - trainer - INFO - Step 300 | train_loss=0.1197 | train_acc=0.9633
2026-03-15 17:51:18 - trainer - INFO - Step 400 | train_loss=0.1158 | train_acc=0.9643
2026-03-15 17:51:27 - trainer - INFO - Epoch 2 | train_loss = 0.1144 train_acc0.9648 | val_loss = 0.0900 val_acc = 0.9709
2026-03-15 17:51:27 - trainer - INFO - New best val acc: 0.9709 | Saved checkpoint -> best_model.pt
2026-03-15 17:51:34 - trainer - INFO - Step 100 | train_loss=0.0767 | train_acc=0.9757
2026-03-15 17:51:36 - trainer - INFO - Step 200 | train_loss=0.0786 | train_acc=0.9756
2026-03-15 17:51:38 - trainer - INFO - Step 300 | train_loss=0.0784 | train_acc=0.9756
2026-03-15 17:51:40 - trainer - INFO - Step 400 | train_loss=0.0792 | train_acc=0.9754
2026-03-15 17:51:49 - trainer - INFO - Epoch 3 | train_loss = 0.0802 train_acc0.9750 | val_loss = 0.0811 val_acc = 0.9747
2026-03-15 17:51:49 - trainer - INFO - New best val acc: 0.9747 | Saved checkpoint -> best_model.pt
2026-03-15 17:51:57 - trainer - INFO - Step 100 | train_loss=0.0622 | train_acc=0.9799
2026-03-15 17:51:59 - trainer - INFO - Step 200 | train_loss=0.0642 | train_acc=0.9798
2026-03-15 17:52:00 - trainer - INFO - Step 300 | train_loss=0.0648 | train_acc=0.9793
2026-03-15 17:52:02 - trainer - INFO - Step 400 | train_loss=0.0644 | train_acc=0.9794
2026-03-15 17:52:12 - trainer - INFO - Epoch 4 | train_loss = 0.0643 train_acc0.9792 | val_loss = 0.0750 val_acc = 0.9777
2026-03-15 17:52:12 - trainer - INFO - New best val acc: 0.9777 | Saved checkpoint -> best_model.pt
2026-03-15 17:52:19 - trainer - INFO - Step 100 | train_loss=0.0519 | train_acc=0.9836
2026-03-15 17:52:21 - trainer - INFO - Step 200 | train_loss=0.0526 | train_acc=0.9834
2026-03-15 17:52:23 - trainer - INFO - Step 300 | train_loss=0.0501 | train_acc=0.9838
2026-03-15 17:52:25 - trainer - INFO - Step 400 | train_loss=0.0517 | train_acc=0.9828
2026-03-15 17:52:34 - trainer - INFO - Epoch 5 | train_loss = 0.0516 train_acc0.9829 | val_loss = 0.0746 val_acc = 0.9764
2026-03-15 17:52:34 - trainer - INFO - No improvement in val acc for 1 epoch(s) (patience=3)
2026-03-15 17:52:34 - trainer - INFO - Saved model -> best_model.pt
2026-03-15 18:01:38 - trainer - INFO - device=cpu
2026-03-15 18:01:38 - trainer - INFO - epochs=5 batch_size=128 lr=0.001 hidden_dim=256
2026-03-15 18:01:38 - trainer - INFO - starting training...
2026-03-15 18:01:45 - trainer - INFO - Step 100 | train_loss=0.5434 | train_acc=0.8327
2026-03-15 18:01:47 - trainer - INFO - Step 200 | train_loss=0.4011 | train_acc=0.8783
2026-03-15 18:01:49 - trainer - INFO - Step 300 | train_loss=0.3344 | train_acc=0.8981
2026-03-15 18:01:51 - trainer - INFO - Step 400 | train_loss=0.2920 | train_acc=0.9109
2026-03-15 18:02:00 - trainer - INFO - Epoch 1 | train_loss = 0.2697 train_acc0.9175 | val_loss = 0.1340 val_acc = 0.9592
2026-03-15 18:02:00 - trainer - INFO - New best val acc: 0.9592 | Saved checkpoint -> best_model.pt
2026-03-15 18:02:08 - trainer - INFO - Step 100 | train_loss=0.1112 | train_acc=0.9660
2026-03-15 18:02:10 - trainer - INFO - Step 200 | train_loss=0.1121 | train_acc=0.9666
2026-03-15 18:02:11 - trainer - INFO - Step 300 | train_loss=0.1134 | train_acc=0.9655
2026-03-15 18:02:13 - trainer - INFO - Step 400 | train_loss=0.1112 | train_acc=0.9661
2026-03-15 18:02:23 - trainer - INFO - Epoch 2 | train_loss = 0.1096 train_acc0.9667 | val_loss = 0.1013 val_acc = 0.9673
2026-03-15 18:02:23 - trainer - INFO - New best val acc: 0.9673 | Saved checkpoint -> best_model.pt
2026-03-15 18:02:30 - trainer - INFO - Step 100 | train_loss=0.0738 | train_acc=0.9773
2026-03-15 18:02:32 - trainer - INFO - Step 200 | train_loss=0.0773 | train_acc=0.9762
2026-03-15 18:02:34 - trainer - INFO - Step 300 | train_loss=0.0765 | train_acc=0.9764
2026-03-15 18:02:36 - trainer - INFO - Step 400 | train_loss=0.0770 | train_acc=0.9763
2026-03-15 18:02:45 - trainer - INFO - Epoch 3 | train_loss = 0.0792 train_acc0.9754 | val_loss = 0.0961 val_acc = 0.9695
2026-03-15 18:02:45 - trainer - INFO - New best val acc: 0.9695 | Saved checkpoint -> best_model.pt
2026-03-15 18:02:53 - trainer - INFO - Step 100 | train_loss=0.0575 | train_acc=0.9803
2026-03-15 18:02:55 - trainer - INFO - Step 200 | train_loss=0.0586 | train_acc=0.9807
2026-03-15 18:02:57 - trainer - INFO - Step 300 | train_loss=0.0604 | train_acc=0.9804
2026-03-15 18:02:58 - trainer - INFO - Step 400 | train_loss=0.0625 | train_acc=0.9795
2026-03-15 18:03:08 - trainer - INFO - Epoch 4 | train_loss = 0.0632 train_acc0.9795 | val_loss = 0.0769 val_acc = 0.9758
2026-03-15 18:03:08 - trainer - INFO - New best val acc: 0.9758 | Saved checkpoint -> best_model.pt
2026-03-15 18:03:15 - trainer - INFO - Step 100 | train_loss=0.0426 | train_acc=0.9855
2026-03-15 18:03:17 - trainer - INFO - Step 200 | train_loss=0.0465 | train_acc=0.9848
2026-03-15 18:03:19 - trainer - INFO - Step 300 | train_loss=0.0464 | train_acc=0.9848
2026-03-15 18:03:21 - trainer - INFO - Step 400 | train_loss=0.0479 | train_acc=0.9840
2026-03-15 18:03:30 - trainer - INFO - Epoch 5 | train_loss = 0.0501 train_acc0.9834 | val_loss = 0.0837 val_acc = 0.9738
2026-03-15 18:03:30 - trainer - INFO - No improvement in val acc for 1 epoch(s) (patience=3)
2026-03-15 18:03:30 - trainer - INFO - Saved model -> best_model.pt
2026-03-15 18:03:30 - trainer - INFO - Loaded best model <- best_model.pt(epoch = 4, val_acc = 0.9758)
